[debug] [2025-08-04T15:53:21.448Z] ----------------------------------------------------------------------
[debug] [2025-08-04T15:53:21.469Z] Command:       C:\Program Files\nodejs\node.exe C:\Users\srjos\AppData\Roaming\npm\node_modules\firebase-tools\lib\bin\firebase.js init
[debug] [2025-08-04T15:53:21.471Z] CLI Version:   14.11.2
[debug] [2025-08-04T15:53:21.471Z] Platform:      win32
[debug] [2025-08-04T15:53:21.472Z] Node Version:  v22.18.0
[debug] [2025-08-04T15:53:21.474Z] Time:          Mon Aug 04 2025 12:53:21 GMT-0300 (Horário Padrão de Brasília)
[debug] [2025-08-04T15:53:21.474Z] ----------------------------------------------------------------------
[debug] 
[debug] [2025-08-04T15:53:21.494Z] > command requires scopes: ["email","openid","https://www.googleapis.com/auth/cloudplatformprojects.readonly","https://www.googleapis.com/auth/firebase","https://www.googleapis.com/auth/cloud-platform"]
[debug] [2025-08-04T15:53:21.496Z] > authorizing via signed-in user (suporte.rodri@gmail.com)
[info] 
     ######## #### ########  ######## ########     ###     ######  ########
     ##        ##  ##     ## ##       ##     ##  ##   ##  ##       ##
     ######    ##  ########  ######   ########  #########  ######  ######
     ##        ##  ##    ##  ##       ##     ## ##     ##       ## ##
     ##       #### ##     ## ######## ########  ##     ##  ######  ########

You're about to initialize a Firebase project in this directory:

  C:\gestaoimobiliaria

Before we get started, keep in mind:

  * You are currently outside your home directory

[info] 
=== Project Setup
[info] 
[info] First, let's associate this project directory with a Firebase project.
[info] You can create multiple project aliases by running firebase use --add, 
[info] but for now we'll just set up a default project.
[info] 
[debug] [2025-08-04T15:55:09.022Z] Checked if tokens are valid: true, expires at: 1754325349887
[debug] [2025-08-04T15:55:09.023Z] Checked if tokens are valid: true, expires at: 1754325349887
[debug] [2025-08-04T15:55:09.030Z] >>> [apiv2][query] GET https://firebase.googleapis.com/v1beta1/projects pageSize=100
[debug] [2025-08-04T15:55:10.022Z] <<< [apiv2][status] GET https://firebase.googleapis.com/v1beta1/projects 200
[debug] [2025-08-04T15:55:10.022Z] <<< [apiv2][body] GET https://firebase.googleapis.com/v1beta1/projects [omitted]
[info] i  Using project gestaoimobiliaria-341da (GestaoImobiliaria) 
[info] 
=== Hosting Setup
[debug] [2025-08-04T15:59:52.720Z] Checked if tokens are valid: true, expires at: 1754325349887
[debug] [2025-08-04T15:59:52.721Z] Checked if tokens are valid: true, expires at: 1754325349887
[debug] [2025-08-04T15:59:52.721Z] >>> [apiv2][query] GET https://firebase.googleapis.com/v1beta1/projects/gestaoimobiliaria-341da [none]
[debug] [2025-08-04T15:59:53.298Z] <<< [apiv2][status] GET https://firebase.googleapis.com/v1beta1/projects/gestaoimobiliaria-341da 200
[debug] [2025-08-04T15:59:53.299Z] <<< [apiv2][body] GET https://firebase.googleapis.com/v1beta1/projects/gestaoimobiliaria-341da {"projectId":"gestaoimobiliaria-341da","projectNumber":"245430336053","displayName":"GestaoImobiliaria","name":"projects/gestaoimobiliaria-341da","resources":{"hostingSite":"gestaoimobiliaria-341da"},"state":"ACTIVE","etag":"1_3edd532f-0962-4e52-83a7-932973e86524"}
[info] 
[info] Your public directory is the folder (relative to your project directory) that
[info] will contain Hosting assets to be uploaded with firebase deploy. If you
[info] have a build process for your assets, use your build's output directory.
[info] 
[debug] [2025-08-04T16:00:57.909Z] >>> [apiv2][query] GET https://www.gstatic.com/firebasejs/releases.json [none]
[debug] [2025-08-04T16:00:58.144Z] <<< [apiv2][status] GET https://www.gstatic.com/firebasejs/releases.json 200
[debug] [2025-08-04T16:00:58.144Z] <<< [apiv2][body] GET https://www.gstatic.com/firebasejs/releases.json {"current":{"version":"12.0.0","browserURL":"https://www.gstatic.com/firebasejs/12.0.0/firebase.js","packageURL":"https://www.gstatic.com/firebasejs/12.0.0/firebase.tgz"},"live":{"version":"12.0","browserURL":"https://www.gstatic.com/firebasejs/live/12.0/firebase.js","packageURL":"https://www.gstatic.com/firebasejs/live/12.0/firebase.tgz"},"components":{"ai":"https://www.gstatic.com/firebasejs/12.0.0/firebase-ai.js","analytics":"https://www.gstatic.com/firebasejs/12.0.0/firebase-analytics.js","app":"https://www.gstatic.com/firebasejs/12.0.0/firebase-app.js","app-check":"https://www.gstatic.com/firebasejs/12.0.0/firebase-app-check.js","auth":"https://www.gstatic.com/firebasejs/12.0.0/firebase-auth.js","auth/cordova":"https://www.gstatic.com/firebasejs/12.0.0/firebase-auth/cordova.js","auth/web-extension":"https://www.gstatic.com/firebasejs/12.0.0/firebase-auth/web-extension.js","functions":"https://www.gstatic.com/firebasejs/12.0.0/firebase-functions.js","firestore":"https://www.gstatic.com/firebasejs/12.0.0/firebase-firestore.js","firestore/lite":"https://www.gstatic.com/firebasejs/12.0.0/firebase-firestore/lite.js","installations":"https://www.gstatic.com/firebasejs/12.0.0/firebase-installations.js","storage":"https://www.gstatic.com/firebasejs/12.0.0/firebase-storage.js","performance":"https://www.gstatic.com/firebasejs/12.0.0/firebase-performance.js","remote-config":"https://www.gstatic.com/firebasejs/12.0.0/firebase-remote-config.js","messaging":"https://www.gstatic.com/firebasejs/12.0.0/firebase-messaging.js","messaging/sw":"https://www.gstatic.com/firebasejs/12.0.0/firebase-messaging/sw.js","database":"https://www.gstatic.com/firebasejs/12.0.0/firebase-database.js","data-connect":"https://www.gstatic.com/firebasejs/12.0.0/firebase-data-connect.js","firestore.memory":"https://www.gstatic.com/firebasejs/12.0.0/firebase-firestore.memory.js"}}
[info] i  Skipping write of ./index.html 
[info] 
[info] i  Didn't detect a .git folder. Assuming C:\gestaoimobiliaria is the project root. 
[info] i  Authorizing with GitHub to upload your service account to a GitHub repository's secrets store. 
[info] 
[info] Visit this URL on this device to log in:
[info] https://github.com/login/oauth/authorize?client_id=89cf50f02ac6aaed3484&state=232507673&redirect_uri=http%3A%2F%2Flocalhost%3A9005&scope=read%3Auser%20repo%20public_repo
[info] 
[info] Waiting for authentication...
[debug] [2025-08-04T16:03:07.866Z] >>> [apiv2][query] POST https://github.com/login/oauth/access_token [none]
[debug] [2025-08-04T16:03:07.867Z] >>> [apiv2][body] POST https://github.com/login/oauth/access_token [stream]
[debug] [2025-08-04T16:03:08.299Z] <<< [apiv2][status] POST https://github.com/login/oauth/access_token 200
[debug] [2025-08-04T16:03:08.299Z] <<< [apiv2][body] POST https://github.com/login/oauth/access_token {"access_token":"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","token_type":"bearer","scope":"read:user,repo"}
[debug] [2025-08-04T16:03:08.348Z] >>> [apiv2][query] GET https://api.github.com/user [none]
[debug] [2025-08-04T16:03:08.908Z] <<< [apiv2][status] GET https://api.github.com/user 200
[debug] [2025-08-04T16:03:08.909Z] <<< [apiv2][body] GET https://api.github.com/user {"login":"suporterodri-star","id":224621735,"node_id":"U_kgDODWN0pw","avatar_url":"https://avatars.githubusercontent.com/u/224621735?v=4","gravatar_id":"","url":"https://api.github.com/users/suporterodri-star","html_url":"https://github.com/suporterodri-star","followers_url":"https://api.github.com/users/suporterodri-star/followers","following_url":"https://api.github.com/users/suporterodri-star/following{/other_user}","gists_url":"https://api.github.com/users/suporterodri-star/gists{/gist_id}","starred_url":"https://api.github.com/users/suporterodri-star/starred{/owner}{/repo}","subscriptions_url":"https://api.github.com/users/suporterodri-star/subscriptions","organizations_url":"https://api.github.com/users/suporterodri-star/orgs","repos_url":"https://api.github.com/users/suporterodri-star/repos","events_url":"https://api.github.com/users/suporterodri-star/events{/privacy}","received_events_url":"https://api.github.com/users/suporterodri-star/received_events","type":"User","user_view_type":"private","site_admin":false,"name":null,"company":null,"blog":"","location":null,"email":null,"hireable":null,"bio":null,"twitter_username":null,"notification_email":null,"public_repos":0,"public_gists":0,"followers":0,"following":0,"created_at":"2025-08-04T16:02:55Z","updated_at":"2025-08-04T16:02:55Z","private_gists":0,"total_private_repos":0,"owned_private_repos":0,"disk_usage":0,"collaborators":0,"two_factor_authentication":false,"plan":{"name":"free","space":976562499,"collaborators":0,"private_repos":10000}}
[info] 
[info] +  Success! Logged into GitHub as suporterodri-star 
[info] 
[debug] [2025-08-04T16:04:24.770Z] >>> [apiv2][query] GET https://api.github.com/repos/./actions/secrets/public-key type=owner
[debug] [2025-08-04T16:04:24.785Z] *** [apiv2] error from fetch(https://api.github.com/repos/./actions/secrets/public-key?type=owner, {"headers":{},"method":"GET"}): FetchError: request to https://api.github.com/repos/actions/secrets/public-key?type=owner failed, reason: getaddrinfo ENOTFOUND api.github.com
[debug] [2025-08-04T16:04:38.089Z] >>> [apiv2][query] GET https://api.github.com/repos/.y/actions/secrets/public-key type=owner
[debug] [2025-08-04T16:04:49.171Z] *** [apiv2] error from fetch(https://api.github.com/repos/.y/actions/secrets/public-key?type=owner, {"headers":{},"method":"GET"}): FetchError: request to https://api.github.com/repos/.y/actions/secrets/public-key?type=owner failed, reason: getaddrinfo ENOTFOUND api.github.com
[debug] [2025-08-04T16:04:53.384Z] >>> [apiv2][query] GET https://api.github.com/repos/.y/actions/secrets/public-key type=owner
[debug] [2025-08-04T16:04:53.408Z] *** [apiv2] error from fetch(https://api.github.com/repos/.y/actions/secrets/public-key?type=owner, {"headers":{},"method":"GET"}): FetchError: request to https://api.github.com/repos/.y/actions/secrets/public-key?type=owner failed, reason: getaddrinfo ENOTFOUND api.github.com
[debug] [2025-08-04T16:05:05.064Z] >>> [apiv2][query] GET https://api.github.com/repos/y/actions/secrets/public-key type=owner
[debug] [2025-08-04T16:05:16.145Z] *** [apiv2] error from fetch(https://api.github.com/repos/y/actions/secrets/public-key?type=owner, {"headers":{},"method":"GET"}): FetchError: request to https://api.github.com/repos/y/actions/secrets/public-key?type=owner failed, reason: getaddrinfo ENOTFOUND api.github.com
[debug] [2025-08-04T16:16:24.661Z] >>> [apiv2][query] GET https://api.github.com/repos/gestaoimobiliaria/actions/secrets/public-key type=owner
[debug] [2025-08-04T16:16:36.269Z] <<< [apiv2][status] GET https://api.github.com/repos/gestaoimobiliaria/actions/secrets/public-key 404
[debug] [2025-08-04T16:16:36.270Z] <<< [apiv2][body] GET https://api.github.com/repos/gestaoimobiliaria/actions/secrets/public-key {"message":"Not Found","documentation_url":"https://docs.github.com/rest","status":"404"}
[info] 
[info] 
[error] !  The provided authorization cannot be used with this repository. If this repository is in an organization, did you remember to grant access? 
[info] 
[info] i  Action required: Visit this URL to ensure access has been granted to the appropriate organization(s) for the Firebase CLI GitHub OAuth App: 
[info] https://github.com/settings/connections/applications/89cf50f02ac6aaed3484
[info] 
[debug] [2025-08-04T16:19:52.218Z] >>> [apiv2][query] GET https://api.github.com/repos/#gestaoimobiliaria/actions/secrets/public-key type=owner
[debug] [2025-08-04T16:20:03.802Z] <<< [apiv2][status] GET https://api.github.com/repos/#gestaoimobiliaria/actions/secrets/public-key 404
[debug] [2025-08-04T16:20:03.803Z] <<< [apiv2][body] GET https://api.github.com/repos/#gestaoimobiliaria/actions/secrets/public-key {"message":"Not Found","documentation_url":"https://docs.github.com/rest","status":"404"}
[info] 
[info] 
[error] !  The provided authorization cannot be used with this repository. If this repository is in an organization, did you remember to grant access? 
[info] 
[info] i  Action required: Visit this URL to ensure access has been granted to the appropriate organization(s) for the Firebase CLI GitHub OAuth App: 
[info] https://github.com/settings/connections/applications/89cf50f02ac6aaed3484
[info] 
